<?xml version="1.0" encoding="UTF-8"?>
<!-- Generated by org.testng.reporters.JUnitReportReporter -->
<testsuite hostname="TYC1121686" failures="0" tests="1" name="v_Tiger_mini_project.TC_06Test" time="12.919" errors="0" timestamp="2022-04-01T16:49:22 IST" skipped="0">
  <testcase classname="v_Tiger_mini_project.TC_06Test" name="createMember" time="12.919"/>
  <system-out>
    <![CDATA[Campaign information Updated today]]>
  </system-out>
</testsuite> <!-- v_Tiger_mini_project.TC_06Test -->
