<?xml version="1.0" encoding="UTF-8"?>
<!-- Generated by org.testng.reporters.JUnitReportReporter -->
<testsuite hostname="TYC1121686" failures="0" tests="1" name="v_Tiger_mini_project.TC_08" time="23.517" errors="0" timestamp="2022-02-18T18:02:45 IST" skipped="0">
  <testcase classname="v_Tiger_mini_project.TC_08" name="createOrganizationWithEmailOptOut" time="23.517"/>
  <system-out>
    <![CDATA[checkbox is selected
Campaign information Updated Today]]>
  </system-out>
</testsuite> <!-- v_Tiger_mini_project.TC_08 -->
