<?xml version="1.0" encoding="UTF-8"?>
<!-- Generated by org.testng.reporters.JUnitReportReporter -->
<testsuite hostname="TYC1121686" failures="0" tests="1" name="pom_repository.Myhelper" time="3.581" errors="0" timestamp="2022-02-13T21:12:00 IST" skipped="0">
  <testcase classname="pom_repository.Myhelper" name="mine" time="3.581"/>
  <system-out>
    <![CDATA[Administrator - Home - vtiger CRM 5 - Commercial Open Source CRM]]>
  </system-out>
</testsuite> <!-- pom_repository.Myhelper -->
