<?xml version="1.0" encoding="UTF-8"?>
<!-- Generated by org.testng.reporters.JUnitReportReporter -->
<testsuite hostname="TYC1121686" failures="0" tests="1" name="v_Tiger_mini_project.TC_08Test" time="7.190" errors="0" timestamp="2022-03-27T20:53:25 IST" skipped="0">
  <testcase classname="v_Tiger_mini_project.TC_08Test" name="createOrganizationWithEmailOptOut" time="7.190"/>
  <system-out>
    <![CDATA[checkbox is selected
Campaign information Updated Today]]>
  </system-out>
</testsuite> <!-- v_Tiger_mini_project.TC_08Test -->
